#
# There is insufficient memory for the Java Runtime Environment to continue.
# Native memory allocation (malloc) failed to allocate 1151856 bytes for Chunk::new
# Possible reasons:
#   The system is out of physical RAM or swap space
#   The process is running with CompressedOops enabled, and the Java Heap may be blocking the growth of the native heap
# Possible solutions:
#   Reduce memory load on the system
#   Increase physical memory or swap space
#   Check if swap backing store is full
#   Decrease Java heap size (-Xmx/-Xms)
#   Decrease number of Java threads
#   Decrease Java thread stack sizes (-Xss)
#   Set larger code cache with -XX:ReservedCodeCacheSize=
#   JVM is running with Unscaled Compressed Oops mode in which the Java heap is
#     placed in the first 4GB address space. The Java Heap base address is the
#     maximum limit for the native heap growth. Please use -XX:HeapBaseMinAddress
#     to set the Java Heap base and to place the Java Heap above 4GB virtual address.
# This output file may be truncated or incomplete.
#
#  Out of Memory Error (allocation.cpp:389), pid=13536, tid=0x0000000000000570
#
# JRE version: OpenJDK Runtime Environment (8.0_212-b04) (build 1.8.0_212-release-1586-b04)
# Java VM: OpenJDK 64-Bit Server VM (25.212-b04 mixed mode windows-amd64 compressed oops)
# Failed to write core dump. Minidumps are not enabled by default on client versions of Windows
#

---------------  T H R E A D  ---------------

Current thread (0x0000000015cdb800):  JavaThread "C2 CompilerThread0" daemon [_thread_in_native, id=1392, stack(0x0000000016d40000,0x0000000016e40000)]

Stack: [0x0000000016d40000,0x0000000016e40000]
[error occurred during error reporting (printing stack bounds), id 0xc0000005]

Native frames: (J=compiled Java code, j=interpreted, Vv=VM code, C=native code)


Current CompileTask:
C2:  61836 3849       4       org.objectweb.asm.SymbolTable::addConstantMemberReference (147 bytes)


---------------  P R O C E S S  ---------------

Java Threads: ( => current thread )
  0x000000001bd75800 JavaThread "Cache worker for Build Output Cleanup Cache (C:\Users\ZAHID MEHMOOD\AndroidStudioProjects\MyApplication2\.gradle\buildOutputCleanup)" [_thread_blocked, id=9148, stack(0x000000001f380000,0x000000001f480000)]
  0x000000001bd78000 JavaThread "Build operations Thread 2" [_thread_blocked, id=11464, stack(0x000000001ea80000,0x000000001eb80000)]
  0x000000001bd75000 JavaThread "Build operations" [_thread_blocked, id=2336, stack(0x000000001e980000,0x000000001ea80000)]
  0x0000000017194000 JavaThread "Cache worker for execution history cache (C:\Users\ZAHID MEHMOOD\.gradle\caches\5.6.4\executionHistory)" [_thread_blocked, id=10380, stack(0x000000001e680000,0x000000001e780000)]
  0x000000001719a000 JavaThread "Cache worker for cache directory md-rule (C:\Users\ZAHID MEHMOOD\.gradle\caches\5.6.4\md-rule)" [_thread_blocked, id=10440, stack(0x000000001e480000,0x000000001e580000)]
  0x0000000017195800 JavaThread "Cache worker for cache directory md-supplier (C:\Users\ZAHID MEHMOOD\.gradle\caches\5.6.4\md-supplier)" [_thread_blocked, id=9036, stack(0x000000001cd30000,0x000000001ce30000)]
  0x0000000017197000 JavaThread "Cache worker for file hash cache (C:\Users\ZAHID MEHMOOD\AndroidStudioProjects\MyApplication2\.gradle\5.6.4\fileHashes)" [_thread_blocked, id=5404, stack(0x000000001c630000,0x000000001c730000)]
  0x0000000017196800 JavaThread "Cache worker for journal cache (C:\Users\ZAHID MEHMOOD\.gradle\caches\journal-1)" [_thread_blocked, id=1280, stack(0x000000001a390000,0x000000001a490000)]
  0x0000000017195000 JavaThread "File lock request listener" [_thread_in_native, id=9120, stack(0x000000001a290000,0x000000001a390000)]
  0x00000000180ed000 JavaThread "Cache worker for file hash cache (C:\Users\ZAHID MEHMOOD\.gradle\caches\5.6.4\fileHashes)" [_thread_blocked, id=2344, stack(0x000000001a190000,0x000000001a290000)]
  0x0000000017f2f800 JavaThread "Thread-9" [_thread_blocked, id=10328, stack(0x0000000019e90000,0x0000000019f90000)]
  0x0000000017f1e000 JavaThread "Stdin handler" [_thread_blocked, id=13644, stack(0x0000000019d90000,0x0000000019e90000)]
  0x00000000186ca000 JavaThread "Asynchronous log dispatcher for DefaultDaemonConnection: socket connection from /127.0.0.1:57333 to /127.0.0.1:57334" [_thread_blocked, id=10068, stack(0x0000000019c90000,0x0000000019d90000)]
  0x00000000186c7800 JavaThread "Daemon worker" [_thread_in_vm, id=2208, stack(0x0000000019b90000,0x0000000019c90000)]
  0x0000000017f38000 JavaThread "Cancel handler" [_thread_blocked, id=14100, stack(0x0000000019a90000,0x0000000019b90000)]
  0x00000000173a8000 JavaThread "Handler for socket connection from /127.0.0.1:57333 to /127.0.0.1:57334" [_thread_in_native, id=8668, stack(0x0000000019790000,0x0000000019890000)]
  0x0000000017215800 JavaThread "Daemon" [_thread_blocked, id=10748, stack(0x0000000019690000,0x0000000019790000)]
  0x0000000017b48000 JavaThread "Daemon periodic checks" [_thread_blocked, id=11616, stack(0x0000000019590000,0x0000000019690000)]
  0x0000000017edf000 JavaThread "Incoming local TCP Connector on port 57333" [_thread_in_native, id=13220, stack(0x0000000019350000,0x0000000019450000)]
  0x00000000180e4000 JavaThread "Daemon health stats" [_thread_blocked, id=10628, stack(0x0000000018d10000,0x0000000018e10000)]
  0x0000000015d52800 JavaThread "Service Thread" daemon [_thread_blocked, id=11144, stack(0x0000000016f40000,0x0000000017040000)]
  0x0000000015cde800 JavaThread "C1 CompilerThread1" daemon [_thread_blocked, id=8732, stack(0x0000000016e40000,0x0000000016f40000)]
=>0x0000000015cdb800 JavaThread "C2 CompilerThread0" daemon [_thread_in_native, id=1392, stack(0x0000000016d40000,0x0000000016e40000)]
  0x0000000015cda000 JavaThread "Attach Listener" daemon [_thread_blocked, id=8656, stack(0x0000000016c40000,0x0000000016d40000)]
  0x0000000015cd6800 JavaThread "Signal Dispatcher" daemon [_thread_blocked, id=1608, stack(0x0000000016b40000,0x0000000016c40000)]
  0x0000000002572000 JavaThread "Finalizer" daemon [_thread_blocked, id=7500, stack(0x0000000016930000,0x0000000016a30000)]
  0x0000000015cc7000 JavaThread "Reference Handler" daemon [_thread_blocked, id=14008, stack(0x0000000016830000,0x0000000016930000)]
  0x0000000002482800 JavaThread "main" [_thread_blocked, id=9416, stack(0x0000000002360000,0x0000000002460000)]

Other Threads:
  0x0000000015ca6000 VMThread [stack: 0x0000000016730000,0x0000000016830000] [id=7196]
  0x0000000015d4e800 WatcherThread [stack: 0x0000000017040000,0x0000000017140000] [id=7112]

VM state:not at safepoint (normal execution)

VM Mutex/Monitor currently owned by a thread: None

heap address: 0x00000000a0000000, size: 1536 MB, Compressed Oops mode: 32-bit
Narrow klass base: 0x0000000000000000, Narrow klass shift: 3
Compressed class space size: 1073741824 Address: 0x0000000100000000

Heap:
 PSYoungGen      total 48640K, used 14126K [0x00000000e0000000, 0x00000000e3600000, 0x0000000100000000)
  eden space 43008K, 19% used [0x00000000e0000000,0x00000000e084cc58,0x00000000e2a00000)
  from space 5632K, 99% used [0x00000000e2b00000,0x00000000e307ef98,0x00000000e3080000)
  to   space 5120K, 0% used [0x00000000e3100000,0x00000000e3100000,0x00000000e3600000)
 ParOldGen       total 57344K, used 16402K [0x00000000a0000000, 0x00000000a3800000, 0x00000000e0000000)
  object space 57344K, 28% used [0x00000000a0000000,0x00000000a1004860,0x00000000a3800000)
 Metaspace       used 43733K, capacity 44738K, committed 44928K, reserved 1087488K
  class space    used 5904K, capacity 6183K, committed 6272K, reserved 1048576K

Card table byte_map: [0x0000000011950000,0x0000000011c60000] byte_map_base: 0x0000000011450000

Marking Bits: (ParMarkBitMap*) 0x0000000059fc9f30
 Begin Bits: [0x0000000012060000, 0x0000000013860000)
 End Bits:   [0x0000000013860000, 0x0000000015060000)

Polling page: 0x0000000002340000

CodeCache: size=245760Kb used=12173Kb max_used=12173Kb free=233587Kb
 bounds [0x0000000002590000, 0x0000000003180000, 0x0000000011590000]
 total_blobs=4334 nmethods=3585 adapters=662
 compilation: enabled

Compilation events (10 events):
Event: 61.550 Thread 0x0000000015cde800 3852       2       java.lang.ClassLoader::defineClass (43 bytes)
Event: 61.551 Thread 0x0000000015cde800 nmethod 3852 0x00000000031779d0 code [0x0000000003177b80, 0x0000000003177e88]
Event: 61.552 Thread 0x0000000015cde800 3853       2       java.lang.ClassLoader::preDefineClass (109 bytes)
Event: 61.553 Thread 0x0000000015cde800 nmethod 3853 0x0000000003178250 code [0x0000000003178480, 0x0000000003178c88]
Event: 61.586 Thread 0x0000000015cde800 3854       3       sun.reflect.generics.tree.BottomSignature::make (4 bytes)
Event: 61.586 Thread 0x0000000015cde800 nmethod 3854 0x0000000003179210 code [0x0000000003179360, 0x0000000003179490]
Event: 61.603 Thread 0x0000000015cde800 3856       3       org.gradle.internal.instantiation.AsmBackedClassGenerator$ClassBuilderImpl::access$300 (4 bytes)
Event: 61.603 Thread 0x0000000015cde800 nmethod 3856 0x0000000003179510 code [0x0000000003179660, 0x0000000003179790]
Event: 61.756 Thread 0x0000000015cde800 3857       3       org.objectweb.asm.ByteVector::putUTF8 (144 bytes)
Event: 61.757 Thread 0x0000000015cde800 nmethod 3857 0x0000000003179810 code [0x0000000003179a00, 0x000000000317a2b8]

GC Heap History (10 events):
Event: 45.008 GC heap before
{Heap before GC invocations=21 (full 1):
 PSYoungGen      total 36864K, used 34097K [0x00000000e0000000, 0x00000000e2f00000, 0x0000000100000000)
  eden space 31232K, 100% used [0x00000000e0000000,0x00000000e1e80000,0x00000000e1e80000)
  from space 5632K, 50% used [0x00000000e1e80000,0x00000000e214c590,0x00000000e2400000)
  to   space 5120K, 0% used [0x00000000e2a00000,0x00000000e2a00000,0x00000000e2f00000)
 ParOldGen       total 34304K, used 12020K [0x00000000a0000000, 0x00000000a2180000, 0x00000000e0000000)
  object space 34304K, 35% used [0x00000000a0000000,0x00000000a0bbd3e0,0x00000000a2180000)
 Metaspace       used 34260K, capacity 34982K, committed 35200K, reserved 1079296K
  class space    used 4706K, capacity 4946K, committed 4992K, reserved 1048576K
Event: 45.016 GC heap after
Heap after GC invocations=21 (full 1):
 PSYoungGen      total 43008K, used 2705K [0x00000000e0000000, 0x00000000e2f00000, 0x0000000100000000)
  eden space 37888K, 0% used [0x00000000e0000000,0x00000000e0000000,0x00000000e2500000)
  from space 5120K, 52% used [0x00000000e2a00000,0x00000000e2ca4658,0x00000000e2f00000)
  to   space 5120K, 0% used [0x00000000e2500000,0x00000000e2500000,0x00000000e2a00000)
 ParOldGen       total 34304K, used 12619K [0x00000000a0000000, 0x00000000a2180000, 0x00000000e0000000)
  object space 34304K, 36% used [0x00000000a0000000,0x00000000a0c52f90,0x00000000a2180000)
 Metaspace       used 34260K, capacity 34982K, committed 35200K, reserved 1079296K
  class space    used 4706K, capacity 4946K, committed 4992K, reserved 1048576K
}
Event: 50.612 GC heap before
{Heap before GC invocations=22 (full 1):
 PSYoungGen      total 43008K, used 19377K [0x00000000e0000000, 0x00000000e2f00000, 0x0000000100000000)
  eden space 37888K, 44% used [0x00000000e0000000,0x00000000e1047f38,0x00000000e2500000)
  from space 5120K, 52% used [0x00000000e2a00000,0x00000000e2ca4658,0x00000000e2f00000)
  to   space 5120K, 0% used [0x00000000e2500000,0x00000000e2500000,0x00000000e2a00000)
 ParOldGen       total 34304K, used 12619K [0x00000000a0000000, 0x00000000a2180000, 0x00000000e0000000)
  object space 34304K, 36% used [0x00000000a0000000,0x00000000a0c52f90,0x00000000a2180000)
 Metaspace       used 34658K, capacity 35412K, committed 35456K, reserved 1079296K
  class space    used 4757K, capacity 4957K, committed 4992K, reserved 1048576K
Event: 50.630 GC heap after
Heap after GC invocations=22 (full 1):
 PSYoungGen      total 43008K, used 2240K [0x00000000e0000000, 0x00000000e3600000, 0x0000000100000000)
  eden space 37888K, 0% used [0x00000000e0000000,0x00000000e0000000,0x00000000e2500000)
  from space 5120K, 43% used [0x00000000e2500000,0x00000000e2730000,0x00000000e2a00000)
  to   space 5120K, 0% used [0x00000000e3100000,0x00000000e3100000,0x00000000e3600000)
 ParOldGen       total 34304K, used 13279K [0x00000000a0000000, 0x00000000a2180000, 0x00000000e0000000)
  object space 34304K, 38% used [0x00000000a0000000,0x00000000a0cf7fb0,0x00000000a2180000)
 Metaspace       used 34658K, capacity 35412K, committed 35456K, reserved 1079296K
  class space    used 4757K, capacity 4957K, committed 4992K, reserved 1048576K
}
Event: 50.631 GC heap before
{Heap before GC invocations=23 (full 2):
 PSYoungGen      total 43008K, used 2240K [0x00000000e0000000, 0x00000000e3600000, 0x0000000100000000)
  eden space 37888K, 0% used [0x00000000e0000000,0x00000000e0000000,0x00000000e2500000)
  from space 5120K, 43% used [0x00000000e2500000,0x00000000e2730000,0x00000000e2a00000)
  to   space 5120K, 0% used [0x00000000e3100000,0x00000000e3100000,0x00000000e3600000)
 ParOldGen       total 34304K, used 13279K [0x00000000a0000000, 0x00000000a2180000, 0x00000000e0000000)
  object space 34304K, 38% used [0x00000000a0000000,0x00000000a0cf7fb0,0x00000000a2180000)
 Metaspace       used 34658K, capacity 35412K, committed 35456K, reserved 1079296K
  class space    used 4757K, capacity 4957K, committed 4992K, reserved 1048576K
Event: 51.025 GC heap after
Heap after GC invocations=23 (full 2):
 PSYoungGen      total 43008K, used 0K [0x00000000e0000000, 0x00000000e3600000, 0x0000000100000000)
  eden space 37888K, 0% used [0x00000000e0000000,0x00000000e0000000,0x00000000e2500000)
  from space 5120K, 0% used [0x00000000e2500000,0x00000000e2500000,0x00000000e2a00000)
  to   space 5120K, 0% used [0x00000000e3100000,0x00000000e3100000,0x00000000e3600000)
 ParOldGen       total 57344K, used 14616K [0x00000000a0000000, 0x00000000a3800000, 0x00000000e0000000)
  object space 57344K, 25% used [0x00000000a0000000,0x00000000a0e46228,0x00000000a3800000)
 Metaspace       used 34658K, capacity 35412K, committed 35456K, reserved 1079296K
  class space    used 4757K, capacity 4957K, committed 4992K, reserved 1048576K
}
Event: 54.887 GC heap before
{Heap before GC invocations=24 (full 2):
 PSYoungGen      total 43008K, used 37888K [0x00000000e0000000, 0x00000000e3600000, 0x0000000100000000)
  eden space 37888K, 100% used [0x00000000e0000000,0x00000000e2500000,0x00000000e2500000)
  from space 5120K, 0% used [0x00000000e2500000,0x00000000e2500000,0x00000000e2a00000)
  to   space 5120K, 0% used [0x00000000e3100000,0x00000000e3100000,0x00000000e3600000)
 ParOldGen       total 57344K, used 14616K [0x00000000a0000000, 0x00000000a3800000, 0x00000000e0000000)
  object space 57344K, 25% used [0x00000000a0000000,0x00000000a0e46228,0x00000000a3800000)
 Metaspace       used 39545K, capacity 40514K, committed 40832K, reserved 1085440K
  class space    used 5384K, capacity 5665K, committed 5760K, reserved 1048576K
Event: 54.901 GC heap after
Heap after GC invocations=24 (full 2):
 PSYoungGen      total 48128K, used 5103K [0x00000000e0000000, 0x00000000e3600000, 0x0000000100000000)
  eden space 43008K, 0% used [0x00000000e0000000,0x00000000e0000000,0x00000000e2a00000)
  from space 5120K, 99% used [0x00000000e3100000,0x00000000e35fbfc8,0x00000000e3600000)
  to   space 5632K, 0% used [0x00000000e2b00000,0x00000000e2b00000,0x00000000e3080000)
 ParOldGen       total 57344K, used 14624K [0x00000000a0000000, 0x00000000a3800000, 0x00000000e0000000)
  object space 57344K, 25% used [0x00000000a0000000,0x00000000a0e48228,0x00000000a3800000)
 Metaspace       used 39545K, capacity 40514K, committed 40832K, reserved 1085440K
  class space    used 5384K, capacity 5665K, committed 5760K, reserved 1048576K
}
Event: 60.624 GC heap before
{Heap before GC invocations=25 (full 2):
 PSYoungGen      total 48128K, used 48111K [0x00000000e0000000, 0x00000000e3600000, 0x0000000100000000)
  eden space 43008K, 100% used [0x00000000e0000000,0x00000000e2a00000,0x00000000e2a00000)
  from space 5120K, 99% used [0x00000000e3100000,0x00000000e35fbfc8,0x00000000e3600000)
  to   space 5632K, 0% used [0x00000000e2b00000,0x00000000e2b00000,0x00000000e3080000)
 ParOldGen       total 57344K, used 14624K [0x00000000a0000000, 0x00000000a3800000, 0x00000000e0000000)
  object space 57344K, 25% used [0x00000000a0000000,0x00000000a0e48228,0x00000000a3800000)
 Metaspace       used 43086K, capacity 44150K, committed 44288K, reserved 1087488K
  class space    used 5824K, capacity 6117K, committed 6144K, reserved 1048576K
Event: 60.644 GC heap after
Heap after GC invocations=25 (full 2):
 PSYoungGen      total 48640K, used 5627K [0x00000000e0000000, 0x00000000e3600000, 0x0000000100000000)
  eden space 43008K, 0% used [0x00000000e0000000,0x00000000e0000000,0x00000000e2a00000)
  from space 5632K, 99% used [0x00000000e2b00000,0x00000000e307ef98,0x00000000e3080000)
  to   space 5120K, 0% used [0x00000000e3100000,0x00000000e3100000,0x00000000e3600000)
 ParOldGen       total 57344K, used 16402K [0x00000000a0000000, 0x00000000a3800000, 0x00000000e0000000)
  object space 57344K, 28% used [0x00000000a0000000,0x00000000a1004860,0x00000000a3800000)
 Metaspace       used 43086K, capacity 44150K, committed 44288K, reserved 1087488K
  class space    used 5824K, capacity 6117K, committed 6144K, reserved 1048576K
}

Deoptimization events (10 events):
Event: 58.262 Thread 0x00000000186c7800 Uncommon trap: reason=unstable_if action=reinterpret pc=0x0000000002a512fc method=java.lang.CharacterDataLatin1.isWhitespace(I)Z @ 14
Event: 59.224 Thread 0x00000000186c7800 Uncommon trap: reason=unstable_if action=reinterpret pc=0x00000000030de400 method=java.util.jar.JarFile.maybeInstantiateVerifier()V @ 4
Event: 59.345 Thread 0x00000000186c7800 Uncommon trap: reason=unstable_if action=reinterpret pc=0x000000000283cbf0 method=java.util.jar.JarFile.maybeInstantiateVerifier()V @ 4
Event: 59.358 Thread 0x00000000186c7800 Uncommon trap: reason=unstable_if action=reinterpret pc=0x0000000002ac69ec method=java.security.CodeSource.getCertificates()[Ljava/security/cert/Certificate; @ 22
Event: 59.363 Thread 0x00000000186c7800 Uncommon trap: reason=unstable_if action=reinterpret pc=0x0000000002d97158 method=java.util.jar.JarFile.maybeInstantiateVerifier()V @ 4
Event: 59.363 Thread 0x00000000186c7800 Uncommon trap: reason=unstable_if action=reinterpret pc=0x0000000002edd868 method=java.util.jar.JarFile.maybeInstantiateVerifier()V @ 4
Event: 59.364 Thread 0x00000000186c7800 Uncommon trap: reason=unstable_if action=reinterpret pc=0x00000000030cafbc method=java.security.CodeSource.matchCerts(Ljava/security/CodeSource;Z)Z @ 11
Event: 59.464 Thread 0x00000000186c7800 Uncommon trap: reason=unstable_if action=reinterpret pc=0x0000000002fbb038 method=java.util.LinkedHashMap.get(Ljava/lang/Object;)Ljava/lang/Object; @ 20
Event: 60.685 Thread 0x00000000186c7800 Uncommon trap: reason=unstable_if action=reinterpret pc=0x0000000002df9e64 method=org.objectweb.asm.ByteVector.putUTF8(Ljava/lang/String;)Lorg/objectweb/asm/ByteVector; @ 93
Event: 61.755 Thread 0x00000000186c7800 Uncommon trap: reason=unstable_if action=reinterpret pc=0x0000000002bb2eb0 method=org.objectweb.asm.ByteVector.putUTF8(Ljava/lang/String;)Lorg/objectweb/asm/ByteVector; @ 93

Classes redefined (0 events):
No events

Internal exceptions (10 events):
Event: 51.503 Thread 0x00000000186c7800 Exception <a 'java/lang/ClassNotFoundException': org/gradle/api/internal/ConventionTaskCustomizer> (0x00000000e05150c8) thrown at [D:\src\AOSP-openjdk-cygwin\jdk8u\hotspot\src\share\vm\classfile\systemDictionary.cpp, line 210]
Event: 51.506 Thread 0x00000000186c7800 Exception <a 'java/lang/ClassNotFoundException': org/gradle/api/tasks/DeleteCustomizer> (0x00000000e05541d8) thrown at [D:\src\AOSP-openjdk-cygwin\jdk8u\hotspot\src\share\vm\classfile\systemDictionary.cpp, line 210]
Event: 51.513 Thread 0x00000000186c7800 Exception <a 'java/lang/ClassNotFoundException': org/gradle/api/tasks/Delete_DecoratedCustomizer> (0x00000000e05a0d00) thrown at [D:\src\AOSP-openjdk-cygwin\jdk8u\hotspot\src\share\vm\classfile\systemDictionary.cpp, line 210]
Event: 51.681 Thread 0x00000000186c7800 Exception <a 'java/lang/ClassNotFoundException': build_40dq1z0bjwmnlgy296ewuuz4iBeanInfo> (0x00000000e06c73b8) thrown at [D:\src\AOSP-openjdk-cygwin\jdk8u\hotspot\src\share\vm\classfile\systemDictionary.cpp, line 210]
Event: 51.682 Thread 0x00000000186c7800 Exception <a 'java/lang/ClassNotFoundException': build_40dq1z0bjwmnlgy296ewuuz4iCustomizer> (0x00000000e06d3e90) thrown at [D:\src\AOSP-openjdk-cygwin\jdk8u\hotspot\src\share\vm\classfile\systemDictionary.cpp, line 210]
Event: 51.795 Thread 0x00000000186c7800 Exception <a 'java/lang/ClassNotFoundException': org/gradle/api/internal/plugins/DefaultObjectConfigurationActionBeanInfo> (0x00000000e074a3f0) thrown at [D:\src\AOSP-openjdk-cygwin\jdk8u\hotspot\src\share\vm\classfile\systemDictionary.cpp, line 210]
Event: 51.908 Thread 0x00000000186c7800 Exception <a 'java/lang/ClassNotFoundException': org/gradle/api/internal/plugins/DefaultObjectConfigurationActionCustomizer> (0x00000000e078d2c0) thrown at [D:\src\AOSP-openjdk-cygwin\jdk8u\hotspot\src\share\vm\classfile\systemDictionary.cpp, line 210]
Event: 53.806 Thread 0x00000000186c7800 Implicit null exception at 0x0000000002f03ab5 to 0x0000000002f05515
Event: 53.807 Thread 0x00000000186c7800 Implicit null exception at 0x0000000002ed9895 to 0x0000000002ed9b7d
Event: 56.513 Thread 0x00000000186c7800 Implicit null exception at 0x0000000002a678b0 to 0x0000000002a67e05

Events (10 events):
Event: 61.619 loading class com/android/build/gradle/internal/core/Abi done
Event: 61.646 loading class com/google/common/collect/ImmutableList$Builder
Event: 61.646 loading class com/google/common/collect/ImmutableList$Builder done
Event: 61.754 loading class com/android/build/gradle/internal/dsl/ViewBindingOptionsImpl
Event: 61.754 loading class com/android/build/gradle/internal/dsl/ViewBindingOptionsImpl done
Event: 61.755 Thread 0x00000000186c7800 Uncommon trap: trap_request=0xffffff65 fr.pc=0x0000000002bb2eb0
Event: 61.755 Thread 0x00000000186c7800 DEOPT PACKING pc=0x0000000002bb2eb0 sp=0x0000000019c887e0
Event: 61.756 Thread 0x00000000186c7800 DEOPT UNPACKING pc=0x00000000025d557b sp=0x0000000019c88768 mode 2
Event: 61.758 loading class com/android/build/gradle/internal/api/DefaultAndroidSourceSet
Event: 61.758 loading class com/android/build/gradle/internal/api/DefaultAndroidSourceSet done


Dynamic libraries:
0x00007ff78bf40000 - 0x00007ff78bf71000 	C:\Program Files\Android\Android Studio\jre\bin\java.exe
0x00007ffbb0b00000 - 0x00007ffbb0cf0000 	C:\WINDOWS\SYSTEM32\ntdll.dll
0x00007ffbaee50000 - 0x00007ffbaef02000 	C:\WINDOWS\System32\KERNEL32.DLL
0x00007ffbae7a0000 - 0x00007ffbaea43000 	C:\WINDOWS\System32\KERNELBASE.dll
0x00007ffbafec0000 - 0x00007ffbaff63000 	C:\WINDOWS\System32\ADVAPI32.dll
0x00007ffbafb50000 - 0x00007ffbafbee000 	C:\WINDOWS\System32\msvcrt.dll
0x00007ffbaef10000 - 0x00007ffbaefa7000 	C:\WINDOWS\System32\sechost.dll
0x00007ffbaf360000 - 0x00007ffbaf480000 	C:\WINDOWS\System32\RPCRT4.dll
0x00007ffbaf090000 - 0x00007ffbaf224000 	C:\WINDOWS\System32\USER32.dll
0x00007ffbae2d0000 - 0x00007ffbae2f1000 	C:\WINDOWS\System32\win32u.dll
0x00007ffbb09a0000 - 0x00007ffbb09c6000 	C:\WINDOWS\System32\GDI32.dll
0x00007ffbae600000 - 0x00007ffbae794000 	C:\WINDOWS\System32\gdi32full.dll
0x00007ffbae230000 - 0x00007ffbae2ce000 	C:\WINDOWS\System32\msvcp_win.dll
0x00007ffbae300000 - 0x00007ffbae3fa000 	C:\WINDOWS\System32\ucrtbase.dll
0x00007ffba3810000 - 0x00007ffba3a95000 	C:\WINDOWS\WinSxS\amd64_microsoft.windows.common-controls_6595b64144ccf1df_6.0.18362.592_none_e6c0b1911312be02\COMCTL32.dll
0x00007ffbb0660000 - 0x00007ffbb0996000 	C:\WINDOWS\System32\combase.dll
0x00007ffbae580000 - 0x00007ffbae600000 	C:\WINDOWS\System32\bcryptPrimitives.dll
0x00007ffbafbf0000 - 0x00007ffbafc1e000 	C:\WINDOWS\System32\IMM32.DLL
0x000000005a050000 - 0x000000005a122000 	C:\Program Files\Android\Android Studio\jre\jre\bin\msvcr100.dll
0x0000000059800000 - 0x000000005a046000 	C:\Program Files\Android\Android Studio\jre\jre\bin\server\jvm.dll
0x00007ffbaf2a0000 - 0x00007ffbaf2a8000 	C:\WINDOWS\System32\PSAPI.DLL
0x00007ffba84a0000 - 0x00007ffba84a9000 	C:\WINDOWS\SYSTEM32\WSOCK32.dll
0x00007ffbaf230000 - 0x00007ffbaf29f000 	C:\WINDOWS\System32\WS2_32.dll
0x00007ffbab800000 - 0x00007ffbab824000 	C:\WINDOWS\SYSTEM32\WINMM.dll
0x00007ffba3ae0000 - 0x00007ffba3aea000 	C:\WINDOWS\SYSTEM32\VERSION.dll
0x00007ffbab7d0000 - 0x00007ffbab7fd000 	C:\WINDOWS\SYSTEM32\WINMMBASE.dll
0x00007ffbaea50000 - 0x00007ffbaea9a000 	C:\WINDOWS\System32\cfgmgr32.dll
0x00007ffba8490000 - 0x00007ffba849f000 	C:\Program Files\Android\Android Studio\jre\jre\bin\verify.dll
0x00007ffba6f40000 - 0x00007ffba6f69000 	C:\Program Files\Android\Android Studio\jre\jre\bin\java.dll
0x00007ffba8470000 - 0x00007ffba8486000 	C:\Program Files\Android\Android Studio\jre\jre\bin\zip.dll
0x00007ffbaff70000 - 0x00007ffbb0655000 	C:\WINDOWS\System32\SHELL32.dll
0x00007ffbaf630000 - 0x00007ffbaf6d9000 	C:\WINDOWS\System32\shcore.dll
0x00007ffbadab0000 - 0x00007ffbae22f000 	C:\WINDOWS\System32\windows.storage.dll
0x00007ffbada70000 - 0x00007ffbada8f000 	C:\WINDOWS\System32\profapi.dll
0x00007ffbada20000 - 0x00007ffbada6a000 	C:\WINDOWS\System32\powrprof.dll
0x00007ffbad9d0000 - 0x00007ffbad9e0000 	C:\WINDOWS\System32\UMPDC.dll
0x00007ffbaed60000 - 0x00007ffbaedb2000 	C:\WINDOWS\System32\shlwapi.dll
0x00007ffbad9e0000 - 0x00007ffbad9f1000 	C:\WINDOWS\System32\kernel.appcore.dll
0x00007ffbada90000 - 0x00007ffbadaa7000 	C:\WINDOWS\System32\cryptsp.dll
0x00007ffba78c0000 - 0x00007ffba78da000 	C:\Program Files\Android\Android Studio\jre\jre\bin\net.dll
0x00007ffba3220000 - 0x00007ffba33f6000 	C:\WINDOWS\SYSTEM32\urlmon.dll
0x00007ffba17e0000 - 0x00007ffba1a86000 	C:\WINDOWS\SYSTEM32\iertutil.dll
0x00007ffbad3b0000 - 0x00007ffbad3bc000 	C:\WINDOWS\SYSTEM32\CRYPTBASE.DLL
0x00007ffbad1e0000 - 0x00007ffbad247000 	C:\WINDOWS\system32\mswsock.dll
0x00007ffba6f20000 - 0x00007ffba6f33000 	C:\Program Files\Android\Android Studio\jre\jre\bin\nio.dll
0x00007ffb8e310000 - 0x00007ffb8e336000 	C:\Users\ZAHID MEHMOOD\.gradle\native\30\windows-amd64\native-platform.dll
0x00007ffba6f10000 - 0x00007ffba6f1d000 	C:\Program Files\Android\Android Studio\jre\jre\bin\management.dll
0x00007ffbacd50000 - 0x00007ffbacd83000 	C:\WINDOWS\system32\rsaenh.dll
0x00007ffbae550000 - 0x00007ffbae576000 	C:\WINDOWS\System32\bcrypt.dll
0x00007ffbad8c0000 - 0x00007ffbad8e5000 	C:\WINDOWS\SYSTEM32\USERENV.dll
0x00007ffbacef0000 - 0x00007ffbacf2a000 	C:\WINDOWS\SYSTEM32\IPHLPAPI.DLL
0x00007ffbaf080000 - 0x00007ffbaf088000 	C:\WINDOWS\System32\NSI.dll
0x00007ffba7840000 - 0x00007ffba7856000 	C:\WINDOWS\SYSTEM32\dhcpcsvc6.DLL
0x00007ffba77b0000 - 0x00007ffba77cc000 	C:\WINDOWS\SYSTEM32\dhcpcsvc.DLL
0x00007ffbacf30000 - 0x00007ffbacffa000 	C:\WINDOWS\SYSTEM32\DNSAPI.dll

VM Arguments:
jvm_args: -Xmx1536m -Dfile.encoding=windows-1252 -Duser.country=US -Duser.language=en -Duser.variant 
java_command: org.gradle.launcher.daemon.bootstrap.GradleDaemon 5.6.4
java_class_path (initial): C:\Users\ZAHID MEHMOOD\.gradle\wrapper\dists\gradle-5.6.4-all\ankdp27end7byghfw1q2sw75f\gradle-5.6.4\lib\gradle-launcher-5.6.4.jar
Launcher Type: SUN_STANDARD

Environment Variables:
JAVA_HOME=C:\Program Files\Java\jdk1.8.0_171
PATH=C:\Program Files (x86)\Common Files\Oracle\Java\javapath;C:\WINDOWS\system32;C:\WINDOWS;C:\WINDOWS\System32\Wbem;C:\WINDOWS\System32\WindowsPowerShell\v1.0\;C:\WINDOWS\System32\OpenSSH\;C:\Program Files\Microsoft SQL Server\Client SDK\ODBC\130\Tools\Binn\;C:\Program Files (x86)\Microsoft SQL Server\140\Tools\Binn\;C:\Program Files\Microsoft SQL Server\140\Tools\Binn\;C:\Program Files\Microsoft SQL Server\140\DTS\Binn\;C:\Program Files (x86)\Microsoft SQL Server\Client SDK\ODBC\130\Tools\Binn\;C:\Program Files (x86)\Microsoft SQL Server\140\DTS\Binn\;C:\Program Files (x86)\Microsoft SQL Server\140\Tools\Binn\ManagementStudio\;E:\Anaconda;C:\Program Files\Git\cmd;C:\Program Files\nodejs\;C:\Users\ZAHID MEHMOOD\Anaconda3;C:\Users\ZAHID MEHMOOD\Anaconda3\Library\mingw-w64\bin;C:\Users\ZAHID MEHMOOD\Anaconda3\Library\usr\bin;C:\Users\ZAHID MEHMOOD\Anaconda3\Library\bin;C:\Users\ZAHID MEHMOOD\Anaconda3\Scripts;E:\AnacondaPY;E:\AnacondaPY\Library\mingw-w64\bin;E:\AnacondaPY\Library\usr\bin;E:\AnacondaPY\Library\bin;E:\AnacondaPY\Scripts;C:\Users\ZAHID MEHMOOD\AppData\Local\Microsoft\WindowsApps;C:\Program Files (x86)\clisp-2.49;C:\Users\ZAHID MEHMOOD\AppData\Roaming\npm
USERNAME=ZAHID MEHMOOD
OS=Windows_NT
PROCESSOR_IDENTIFIER=Intel64 Family 6 Model 42 Stepping 7, GenuineIntel



---------------  S Y S T E M  ---------------

OS: Windows 10.0 , 64 bit Build 18362 (10.0.18362.329)

CPU:total 2 (initial active 2) (2 cores per cpu, 2 threads per core) family 6 model 42 stepping 7, cmov, cx8, fxsr, mmx, sse, sse2, sse3, ssse3, sse4.1, sse4.2, popcnt, avx, aes, clmul, ht, tsc, tscinvbit

Memory: 4k page, physical 4127080k(318772k free), swap 7199080k(7252k free)

vm_info: OpenJDK 64-Bit Server VM (25.212-b04) for windows-amd64 JRE (1.8.0_212-release-1586-b04), built by "builder" with MS VC++ 10.0 (VS2010)

time: Sat Apr 18 17:26:55 2020
timezone: Pakistan Standard Time
elapsed time: 61 seconds (0d 0h 1m 1s)

