#
# There is insufficient memory for the Java Runtime Environment to continue.
# Native memory allocation (malloc) failed to allocate 65552 bytes for Chunk::new
# Possible reasons:
#   The system is out of physical RAM or swap space
#   The process is running with CompressedOops enabled, and the Java Heap may be blocking the growth of the native heap
# Possible solutions:
#   Reduce memory load on the system
#   Increase physical memory or swap space
#   Check if swap backing store is full
#   Decrease Java heap size (-Xmx/-Xms)
#   Decrease number of Java threads
#   Decrease Java thread stack sizes (-Xss)
#   Set larger code cache with -XX:ReservedCodeCacheSize=
#   JVM is running with Unscaled Compressed Oops mode in which the Java heap is
#     placed in the first 4GB address space. The Java Heap base address is the
#     maximum limit for the native heap growth. Please use -XX:HeapBaseMinAddress
#     to set the Java Heap base and to place the Java Heap above 4GB virtual address.
# This output file may be truncated or incomplete.
#
#  Out of Memory Error (allocation.cpp:389), pid=11900, tid=0x00000000000027f0
#
# JRE version: OpenJDK Runtime Environment (8.0_212-b04) (build 1.8.0_212-release-1586-b04)
# Java VM: OpenJDK 64-Bit Server VM (25.212-b04 mixed mode windows-amd64 compressed oops)
# Failed to write core dump. Minidumps are not enabled by default on client versions of Windows
#

---------------  T H R E A D  ---------------

Current thread (0x000000001658d000):  JavaThread "C2 CompilerThread0" daemon [_thread_in_native, id=10224, stack(0x00000000175c0000,0x00000000176c0000)]

Stack: [0x00000000175c0000,0x00000000176c0000]
[error occurred during error reporting (printing stack bounds), id 0xc0000005]

Native frames: (J=compiled Java code, j=interpreted, Vv=VM code, C=native code)


Current CompileTask:
C2: 108972 3734       4       jdk.internal.org.objectweb.asm.Frame::execute (2252 bytes)


---------------  P R O C E S S  ---------------

Java Threads: ( => current thread )
  0x000000001c3a2800 JavaThread "Cache worker for Build Output Cleanup Cache (C:\Users\ZAHID MEHMOOD\AndroidStudioProjects\MyApplication2\.gradle\buildOutputCleanup)" [_thread_blocked, id=13936, stack(0x000000001a610000,0x000000001a710000)]
  0x000000001c3a1000 JavaThread "Build operations Thread 2" [_thread_blocked, id=10960, stack(0x000000001e1c0000,0x000000001e2c0000)]
  0x000000001c3a4000 JavaThread "Build operations" [_thread_blocked, id=1520, stack(0x000000001e0c0000,0x000000001e1c0000)]
  0x000000001c3a2000 JavaThread "Cache worker for execution history cache (C:\Users\ZAHID MEHMOOD\.gradle\caches\5.6.4\executionHistory)" [_thread_blocked, id=11512, stack(0x000000001ddc0000,0x000000001dec0000)]
  0x000000001833b800 JavaThread "Cache worker for cache directory md-rule (C:\Users\ZAHID MEHMOOD\.gradle\caches\5.6.4\md-rule)" [_thread_blocked, id=13288, stack(0x000000001d6b0000,0x000000001d7b0000)]
  0x000000001833e800 JavaThread "Cache worker for cache directory md-supplier (C:\Users\ZAHID MEHMOOD\.gradle\caches\5.6.4\md-supplier)" [_thread_blocked, id=3844, stack(0x0000000002ad0000,0x0000000002bd0000)]
  0x000000001833e000 JavaThread "Cache worker for file hash cache (C:\Users\ZAHID MEHMOOD\AndroidStudioProjects\MyApplication2\.gradle\5.6.4\fileHashes)" [_thread_blocked, id=8880, stack(0x000000001ceb0000,0x000000001cfb0000)]
  0x0000000018340000 JavaThread "Cache worker for journal cache (C:\Users\ZAHID MEHMOOD\.gradle\caches\journal-1)" [_thread_blocked, id=11148, stack(0x000000001bbe0000,0x000000001bce0000)]
  0x0000000018339800 JavaThread "File lock request listener" [_thread_in_native, id=7384, stack(0x000000001ab10000,0x000000001ac10000)]
  0x0000000017b2a800 JavaThread "Cache worker for file hash cache (C:\Users\ZAHID MEHMOOD\.gradle\caches\5.6.4\fileHashes)" [_thread_blocked, id=4820, stack(0x000000001aa10000,0x000000001ab10000)]
  0x0000000017c27000 JavaThread "Thread-9" [_thread_blocked, id=8332, stack(0x000000001a710000,0x000000001a810000)]
  0x0000000017c21000 JavaThread "Asynchronous log dispatcher for DefaultDaemonConnection: socket connection from /127.0.0.1:57261 to /127.0.0.1:57262" [_thread_blocked, id=4624, stack(0x000000001a510000,0x000000001a610000)]
  0x00000000186b7800 JavaThread "Daemon worker" [_thread_in_native, id=9680, stack(0x000000001a410000,0x000000001a510000)]
  0x000000001809a800 JavaThread "Cancel handler" [_thread_blocked, id=6848, stack(0x000000001a310000,0x000000001a410000)]
  0x0000000017b92800 JavaThread "Handler for socket connection from /127.0.0.1:57261 to /127.0.0.1:57262" [_thread_in_native, id=1564, stack(0x000000001a010000,0x000000001a110000)]
  0x00000000180ba800 JavaThread "Daemon" [_thread_blocked, id=13864, stack(0x0000000019f10000,0x000000001a010000)]
  0x0000000018902000 JavaThread "Daemon periodic checks" [_thread_blocked, id=9136, stack(0x0000000019e10000,0x0000000019f10000)]
  0x0000000018284000 JavaThread "Incoming local TCP Connector on port 57261" [_thread_in_native, id=1356, stack(0x0000000019bd0000,0x0000000019cd0000)]
  0x000000001935b800 JavaThread "Daemon health stats" [_thread_blocked, id=6700, stack(0x0000000019590000,0x0000000019690000)]
  0x00000000165ae800 JavaThread "Service Thread" daemon [_thread_blocked, id=8212, stack(0x00000000177c0000,0x00000000178c0000)]
  0x00000000165ab000 JavaThread "C1 CompilerThread1" daemon [_thread_blocked, id=7944, stack(0x00000000176c0000,0x00000000177c0000)]
=>0x000000001658d000 JavaThread "C2 CompilerThread0" daemon [_thread_in_native, id=10224, stack(0x00000000175c0000,0x00000000176c0000)]
  0x0000000016588000 JavaThread "Attach Listener" daemon [_thread_blocked, id=9480, stack(0x00000000174c0000,0x00000000175c0000)]
  0x0000000016584800 JavaThread "Signal Dispatcher" daemon [_thread_blocked, id=12172, stack(0x00000000173c0000,0x00000000174c0000)]
  0x0000000002e52000 JavaThread "Finalizer" daemon [_thread_blocked, id=4332, stack(0x00000000171c0000,0x00000000172c0000)]
  0x0000000016577000 JavaThread "Reference Handler" daemon [_thread_blocked, id=10360, stack(0x00000000170c0000,0x00000000171c0000)]
  0x0000000002d62800 JavaThread "main" [_thread_blocked, id=6184, stack(0x0000000002c60000,0x0000000002d60000)]

Other Threads:
  0x0000000016556000 VMThread [stack: 0x0000000016fc0000,0x00000000170c0000] [id=14040]
  0x00000000165b2800 WatcherThread [stack: 0x00000000178c0000,0x00000000179c0000] [id=10080]

VM state:not at safepoint (normal execution)

VM Mutex/Monitor currently owned by a thread: None

heap address: 0x00000000a0000000, size: 1536 MB, Compressed Oops mode: 32-bit
Narrow klass base: 0x0000000000000000, Narrow klass shift: 3
Compressed class space size: 1073741824 Address: 0x0000000100000000

Heap:
 PSYoungGen      total 198144K, used 46291K [0x00000000e0000000, 0x00000000ece80000, 0x0000000100000000)
  eden space 184832K, 25% used [0x00000000e0000000,0x00000000e2d34d58,0x00000000eb480000)
  from space 13312K, 0% used [0x00000000eb480000,0x00000000eb480000,0x00000000ec180000)
  to   space 10752K, 0% used [0x00000000ec400000,0x00000000ec400000,0x00000000ece80000)
 ParOldGen       total 33280K, used 16452K [0x00000000a0000000, 0x00000000a2080000, 0x00000000e0000000)
  object space 33280K, 49% used [0x00000000a0000000,0x00000000a1011350,0x00000000a2080000)
 Metaspace       used 41972K, capacity 43032K, committed 43136K, reserved 1087488K
  class space    used 5689K, capacity 5966K, committed 6016K, reserved 1048576K

Card table byte_map: [0x0000000012220000,0x0000000012530000] byte_map_base: 0x0000000011d20000

Marking Bits: (ParMarkBitMap*) 0x0000000059fc9f30
 Begin Bits: [0x0000000012930000, 0x0000000014130000)
 End Bits:   [0x0000000014130000, 0x0000000015930000)

Polling page: 0x00000000012e0000

CodeCache: size=245760Kb used=11565Kb max_used=11576Kb free=234194Kb
 bounds [0x0000000002e60000, 0x00000000039c0000, 0x0000000011e60000]
 total_blobs=4170 nmethods=3431 adapters=652
 compilation: enabled

Compilation events (10 events):
Event: 108.773 Thread 0x00000000165ab000 nmethod 3728 0x00000000039b2310 code [0x00000000039b2460, 0x00000000039b2550]
Event: 108.773 Thread 0x00000000165ab000 3730       3       java.lang.invoke.ConstantCallSite::getTarget (20 bytes)
Event: 108.773 Thread 0x00000000165ab000 nmethod 3730 0x00000000039af690 code [0x00000000039af800, 0x00000000039afa68]
Event: 108.773 Thread 0x000000001658d000 3731       4       java.util.regex.Pattern$CharProperty::match (56 bytes)
Event: 108.773 Thread 0x00000000165ab000 3729       1       java.lang.invoke.InnerClassLambdaMetafactory::access$700 (5 bytes)
Event: 108.773 Thread 0x00000000165ab000 nmethod 3729 0x00000000039af3d0 code [0x00000000039af520, 0x00000000039af610]
Event: 108.774 Thread 0x00000000165ab000 3732       3       java.util.Formatter::checkText (58 bytes)
Event: 108.776 Thread 0x00000000165ab000 nmethod 3732 0x00000000039ae2d0 code [0x00000000039ae4c0, 0x00000000039aee68]
Event: 108.783 Thread 0x000000001658d000 nmethod 3731 0x00000000039b7910 code [0x00000000039b7a80, 0x00000000039b7d18]
Event: 108.783 Thread 0x000000001658d000 3734       4       jdk.internal.org.objectweb.asm.Frame::execute (2252 bytes)

GC Heap History (10 events):
Event: 75.276 GC heap before
{Heap before GC invocations=10 (full 1):
 PSYoungGen      total 137728K, used 129024K [0x00000000e0000000, 0x00000000e9000000, 0x0000000100000000)
  eden space 129024K, 100% used [0x00000000e0000000,0x00000000e7e00000,0x00000000e7e00000)
  from space 8704K, 0% used [0x00000000e8780000,0x00000000e8780000,0x00000000e9000000)
  to   space 9216K, 0% used [0x00000000e7e00000,0x00000000e7e00000,0x00000000e8700000)
 ParOldGen       total 33280K, used 9537K [0x00000000a0000000, 0x00000000a2080000, 0x00000000e0000000)
  object space 33280K, 28% used [0x00000000a0000000,0x00000000a09506d0,0x00000000a2080000)
 Metaspace       used 31926K, capacity 32508K, committed 32768K, reserved 1077248K
  class space    used 4370K, capacity 4559K, committed 4608K, reserved 1048576K
Event: 75.350 GC heap after
Heap after GC invocations=10 (full 1):
 PSYoungGen      total 138240K, used 9189K [0x00000000e0000000, 0x00000000ed000000, 0x0000000100000000)
  eden space 129024K, 0% used [0x00000000e0000000,0x00000000e0000000,0x00000000e7e00000)
  from space 9216K, 99% used [0x00000000e7e00000,0x00000000e86f9568,0x00000000e8700000)
  to   space 12288K, 0% used [0x00000000ec400000,0x00000000ec400000,0x00000000ed000000)
 ParOldGen       total 33280K, used 12948K [0x00000000a0000000, 0x00000000a2080000, 0x00000000e0000000)
  object space 33280K, 38% used [0x00000000a0000000,0x00000000a0ca53a0,0x00000000a2080000)
 Metaspace       used 31926K, capacity 32508K, committed 32768K, reserved 1077248K
  class space    used 4370K, capacity 4559K, committed 4608K, reserved 1048576K
}
Event: 91.935 GC heap before
{Heap before GC invocations=11 (full 1):
 PSYoungGen      total 138240K, used 74064K [0x00000000e0000000, 0x00000000ed000000, 0x0000000100000000)
  eden space 129024K, 50% used [0x00000000e0000000,0x00000000e3f5ab80,0x00000000e7e00000)
  from space 9216K, 99% used [0x00000000e7e00000,0x00000000e86f9568,0x00000000e8700000)
  to   space 12288K, 0% used [0x00000000ec400000,0x00000000ec400000,0x00000000ed000000)
 ParOldGen       total 33280K, used 12948K [0x00000000a0000000, 0x00000000a2080000, 0x00000000e0000000)
  object space 33280K, 38% used [0x00000000a0000000,0x00000000a0ca53a0,0x00000000a2080000)
 Metaspace       used 34634K, capacity 35404K, committed 35456K, reserved 1079296K
  class space    used 4746K, capacity 4957K, committed 4992K, reserved 1048576K
Event: 91.977 GC heap after
Heap after GC invocations=11 (full 1):
 PSYoungGen      total 195584K, used 9947K [0x00000000e0000000, 0x00000000ece80000, 0x0000000100000000)
  eden space 184832K, 0% used [0x00000000e0000000,0x00000000e0000000,0x00000000eb480000)
  from space 10752K, 92% used [0x00000000ec400000,0x00000000ecdb6ca8,0x00000000ece80000)
  to   space 13312K, 0% used [0x00000000eb480000,0x00000000eb480000,0x00000000ec180000)
 ParOldGen       total 33280K, used 12956K [0x00000000a0000000, 0x00000000a2080000, 0x00000000e0000000)
  object space 33280K, 38% used [0x00000000a0000000,0x00000000a0ca73a0,0x00000000a2080000)
 Metaspace       used 34634K, capacity 35404K, committed 35456K, reserved 1079296K
  class space    used 4746K, capacity 4957K, committed 4992K, reserved 1048576K
}
Event: 91.977 GC heap before
{Heap before GC invocations=12 (full 2):
 PSYoungGen      total 195584K, used 9947K [0x00000000e0000000, 0x00000000ece80000, 0x0000000100000000)
  eden space 184832K, 0% used [0x00000000e0000000,0x00000000e0000000,0x00000000eb480000)
  from space 10752K, 92% used [0x00000000ec400000,0x00000000ecdb6ca8,0x00000000ece80000)
  to   space 13312K, 0% used [0x00000000eb480000,0x00000000eb480000,0x00000000ec180000)
 ParOldGen       total 33280K, used 12956K [0x00000000a0000000, 0x00000000a2080000, 0x00000000e0000000)
  object space 33280K, 38% used [0x00000000a0000000,0x00000000a0ca73a0,0x00000000a2080000)
 Metaspace       used 34634K, capacity 35404K, committed 35456K, reserved 1079296K
  class space    used 4746K, capacity 4957K, committed 4992K, reserved 1048576K
Event: 92.417 GC heap after
Heap after GC invocations=12 (full 2):
 PSYoungGen      total 195584K, used 0K [0x00000000e0000000, 0x00000000ece80000, 0x0000000100000000)
  eden space 184832K, 0% used [0x00000000e0000000,0x00000000e0000000,0x00000000eb480000)
  from space 10752K, 0% used [0x00000000ec400000,0x00000000ec400000,0x00000000ece80000)
  to   space 13312K, 0% used [0x00000000eb480000,0x00000000eb480000,0x00000000ec180000)
 ParOldGen       total 33280K, used 16666K [0x00000000a0000000, 0x00000000a2080000, 0x00000000e0000000)
  object space 33280K, 50% used [0x00000000a0000000,0x00000000a1046890,0x00000000a2080000)
 Metaspace       used 34634K, capacity 35404K, committed 35456K, reserved 1079296K
  class space    used 4746K, capacity 4957K, committed 4992K, reserved 1048576K
}
Event: 97.381 GC heap before
{Heap before GC invocations=13 (full 2):
 PSYoungGen      total 195584K, used 21761K [0x00000000e0000000, 0x00000000ece80000, 0x0000000100000000)
  eden space 184832K, 11% used [0x00000000e0000000,0x00000000e15406a0,0x00000000eb480000)
  from space 10752K, 0% used [0x00000000ec400000,0x00000000ec400000,0x00000000ece80000)
  to   space 13312K, 0% used [0x00000000eb480000,0x00000000eb480000,0x00000000ec180000)
 ParOldGen       total 33280K, used 16666K [0x00000000a0000000, 0x00000000a2080000, 0x00000000e0000000)
  object space 33280K, 50% used [0x00000000a0000000,0x00000000a1046890,0x00000000a2080000)
 Metaspace       used 36558K, capacity 37466K, committed 37632K, reserved 1085440K
  class space    used 5002K, capacity 5250K, committed 5376K, reserved 1048576K
Event: 97.395 GC heap after
Heap after GC invocations=13 (full 2):
 PSYoungGen      total 198144K, used 2443K [0x00000000e0000000, 0x00000000ece80000, 0x0000000100000000)
  eden space 184832K, 0% used [0x00000000e0000000,0x00000000e0000000,0x00000000eb480000)
  from space 13312K, 18% used [0x00000000eb480000,0x00000000eb6e2ca8,0x00000000ec180000)
  to   space 10752K, 0% used [0x00000000ec400000,0x00000000ec400000,0x00000000ece80000)
 ParOldGen       total 33280K, used 16674K [0x00000000a0000000, 0x00000000a2080000, 0x00000000e0000000)
  object space 33280K, 50% used [0x00000000a0000000,0x00000000a1048890,0x00000000a2080000)
 Metaspace       used 36558K, capacity 37466K, committed 37632K, reserved 1085440K
  class space    used 5002K, capacity 5250K, committed 5376K, reserved 1048576K
}
Event: 97.395 GC heap before
{Heap before GC invocations=14 (full 3):
 PSYoungGen      total 198144K, used 2443K [0x00000000e0000000, 0x00000000ece80000, 0x0000000100000000)
  eden space 184832K, 0% used [0x00000000e0000000,0x00000000e0000000,0x00000000eb480000)
  from space 13312K, 18% used [0x00000000eb480000,0x00000000eb6e2ca8,0x00000000ec180000)
  to   space 10752K, 0% used [0x00000000ec400000,0x00000000ec400000,0x00000000ece80000)
 ParOldGen       total 33280K, used 16674K [0x00000000a0000000, 0x00000000a2080000, 0x00000000e0000000)
  object space 33280K, 50% used [0x00000000a0000000,0x00000000a1048890,0x00000000a2080000)
 Metaspace       used 36558K, capacity 37466K, committed 37632K, reserved 1085440K
  class space    used 5002K, capacity 5250K, committed 5376K, reserved 1048576K
Event: 98.131 GC heap after
Heap after GC invocations=14 (full 3):
 PSYoungGen      total 198144K, used 0K [0x00000000e0000000, 0x00000000ece80000, 0x0000000100000000)
  eden space 184832K, 0% used [0x00000000e0000000,0x00000000e0000000,0x00000000eb480000)
  from space 13312K, 0% used [0x00000000eb480000,0x00000000eb480000,0x00000000ec180000)
  to   space 10752K, 0% used [0x00000000ec400000,0x00000000ec400000,0x00000000ece80000)
 ParOldGen       total 33280K, used 16452K [0x00000000a0000000, 0x00000000a2080000, 0x00000000e0000000)
  object space 33280K, 49% used [0x00000000a0000000,0x00000000a1011350,0x00000000a2080000)
 Metaspace       used 36558K, capacity 37466K, committed 37632K, reserved 1083392K
  class space    used 5002K, capacity 5250K, committed 5376K, reserved 1048576K
}

Deoptimization events (10 events):
Event: 93.572 Thread 0x00000000186b7800 Uncommon trap: reason=bimorphic action=maybe_recompile pc=0x00000000035175a4 method=java.util.AbstractCollection.addAll(Ljava/util/Collection;)Z @ 29
Event: 95.693 Thread 0x00000000186b7800 Uncommon trap: reason=unstable_if action=reinterpret pc=0x00000000031217b8 method=java.io.BufferedInputStream.read([BII)I @ 56
Event: 96.126 Thread 0x00000000186b7800 Uncommon trap: reason=bimorphic action=maybe_recompile pc=0x00000000035175a4 method=java.util.AbstractCollection.addAll(Ljava/util/Collection;)Z @ 29
Event: 98.852 Thread 0x00000000186b7800 Uncommon trap: reason=predicate action=maybe_recompile pc=0x00000000038cdfc8 method=java.util.Arrays.binarySearch0([Ljava/lang/Object;IILjava/lang/Object;Ljava/util/Comparator;)I @ 28
Event: 99.850 Thread 0x00000000186b7800 Uncommon trap: reason=unstable_if action=reinterpret pc=0x00000000034c0fe4 method=sun.misc.MetaIndex.mayContain(Ljava/lang/String;)Z @ 38
Event: 99.914 Thread 0x00000000186b7800 Uncommon trap: reason=unstable_if action=reinterpret pc=0x0000000003340f4c method=java.security.CodeSource.hashCode()I @ 4
Event: 99.914 Thread 0x00000000186b7800 Uncommon trap: reason=unstable_if action=reinterpret pc=0x000000000304460c method=java.security.CodeSource.hashCode()I @ 4
Event: 107.178 Thread 0x00000000186b7800 Uncommon trap: reason=unstable_if action=reinterpret pc=0x000000000397fa8c method=jdk.internal.org.objectweb.asm.Item.isEqualTo(Ljdk/internal/org/objectweb/asm/Item;)Z @ 331
Event: 108.687 Thread 0x00000000186b7800 Uncommon trap: reason=class_check action=maybe_recompile pc=0x000000000371a984 method=sun.reflect.generics.reflectiveObjects.TypeVariableImpl.getGenericDeclaration()Ljava/lang/reflect/GenericDeclaration; @ 4
Event: 108.688 Thread 0x00000000186b7800 Uncommon trap: reason=class_check action=maybe_recompile pc=0x000000000371a984 method=sun.reflect.generics.reflectiveObjects.TypeVariableImpl.getGenericDeclaration()Ljava/lang/reflect/GenericDeclaration; @ 4

Classes redefined (0 events):
No events

Internal exceptions (10 events):
Event: 93.286 Thread 0x00000000186b7800 Exception <a 'java/lang/ClassNotFoundException': org/gradle/api/DefaultTaskCustomizer> (0x00000000e0536878) thrown at [D:\src\AOSP-openjdk-cygwin\jdk8u\hotspot\src\share\vm\classfile\systemDictionary.cpp, line 210]
Event: 93.289 Thread 0x00000000186b7800 Exception <a 'java/lang/ClassNotFoundException': org/gradle/api/internal/ConventionTaskCustomizer> (0x00000000e0578ee0) thrown at [D:\src\AOSP-openjdk-cygwin\jdk8u\hotspot\src\share\vm\classfile\systemDictionary.cpp, line 210]
Event: 93.291 Thread 0x00000000186b7800 Exception <a 'java/lang/ClassNotFoundException': org/gradle/api/tasks/DeleteCustomizer> (0x00000000e05b7f30) thrown at [D:\src\AOSP-openjdk-cygwin\jdk8u\hotspot\src\share\vm\classfile\systemDictionary.cpp, line 210]
Event: 93.298 Thread 0x00000000186b7800 Exception <a 'java/lang/ClassNotFoundException': org/gradle/api/tasks/Delete_DecoratedCustomizer> (0x00000000e0604a58) thrown at [D:\src\AOSP-openjdk-cygwin\jdk8u\hotspot\src\share\vm\classfile\systemDictionary.cpp, line 210]
Event: 93.884 Thread 0x00000000186b7800 Exception <a 'java/lang/ClassNotFoundException': build_40dq1z0bjwmnlgy296ewuuz4iBeanInfo> (0x00000000e070d228) thrown at [D:\src\AOSP-openjdk-cygwin\jdk8u\hotspot\src\share\vm\classfile\systemDictionary.cpp, line 210]
Event: 93.885 Thread 0x00000000186b7800 Exception <a 'java/lang/ClassNotFoundException': build_40dq1z0bjwmnlgy296ewuuz4iCustomizer> (0x00000000e0719d00) thrown at [D:\src\AOSP-openjdk-cygwin\jdk8u\hotspot\src\share\vm\classfile\systemDictionary.cpp, line 210]
Event: 93.894 Thread 0x00000000186b7800 Exception <a 'java/lang/ClassNotFoundException': org/gradle/api/internal/plugins/DefaultObjectConfigurationActionBeanInfo> (0x00000000e07902e0) thrown at [D:\src\AOSP-openjdk-cygwin\jdk8u\hotspot\src\share\vm\classfile\systemDictionary.cpp, line 210]
Event: 93.895 Thread 0x00000000186b7800 Exception <a 'java/lang/ClassNotFoundException': org/gradle/api/internal/plugins/DefaultObjectConfigurationActionCustomizer> (0x00000000e07d3140) thrown at [D:\src\AOSP-openjdk-cygwin\jdk8u\hotspot\src\share\vm\classfile\systemDictionary.cpp, line 210]
Event: 99.914 Thread 0x00000000186b7800 Implicit null exception at 0x000000000333ef8a to 0x0000000003340ef1
Event: 99.914 Thread 0x00000000186b7800 Implicit null exception at 0x0000000003044315 to 0x00000000030445fd

Events (10 events):
Event: 108.782 loading class com/android/builder/utils/SynchronizedFile$LockingType done
Event: 108.784 Executing VM operation: RevokeBias
Event: 108.785 Executing VM operation: RevokeBias done
Event: 108.787 loading class java/nio/file/StandardOpenOption
Event: 108.797 loading class java/nio/file/StandardOpenOption done
Event: 108.797 loading class sun/nio/fs/WindowsSecurityDescriptor
Event: 108.809 loading class sun/nio/fs/WindowsSecurityDescriptor done
Event: 108.810 loading class sun/nio/fs/WindowsChannelFactory$2
Event: 108.810 loading class sun/nio/fs/WindowsChannelFactory$2 done
Event: 108.810 loading class com/sun/nio/file/ExtendedOpenOption


Dynamic libraries:
0x00007ff78bf40000 - 0x00007ff78bf71000 	C:\Program Files\Android\Android Studio\jre\bin\java.exe
0x00007ffbb0b00000 - 0x00007ffbb0cf0000 	C:\WINDOWS\SYSTEM32\ntdll.dll
0x00007ffbaee50000 - 0x00007ffbaef02000 	C:\WINDOWS\System32\KERNEL32.DLL
0x00007ffbae7a0000 - 0x00007ffbaea43000 	C:\WINDOWS\System32\KERNELBASE.dll
0x00007ffbafec0000 - 0x00007ffbaff63000 	C:\WINDOWS\System32\ADVAPI32.dll
0x00007ffbafb50000 - 0x00007ffbafbee000 	C:\WINDOWS\System32\msvcrt.dll
0x00007ffbaef10000 - 0x00007ffbaefa7000 	C:\WINDOWS\System32\sechost.dll
0x00007ffbaf360000 - 0x00007ffbaf480000 	C:\WINDOWS\System32\RPCRT4.dll
0x00007ffbaf090000 - 0x00007ffbaf224000 	C:\WINDOWS\System32\USER32.dll
0x00007ffbae2d0000 - 0x00007ffbae2f1000 	C:\WINDOWS\System32\win32u.dll
0x00007ffbb09a0000 - 0x00007ffbb09c6000 	C:\WINDOWS\System32\GDI32.dll
0x00007ffbae600000 - 0x00007ffbae794000 	C:\WINDOWS\System32\gdi32full.dll
0x00007ffbae230000 - 0x00007ffbae2ce000 	C:\WINDOWS\System32\msvcp_win.dll
0x00007ffbae300000 - 0x00007ffbae3fa000 	C:\WINDOWS\System32\ucrtbase.dll
0x00007ffba3810000 - 0x00007ffba3a95000 	C:\WINDOWS\WinSxS\amd64_microsoft.windows.common-controls_6595b64144ccf1df_6.0.18362.592_none_e6c0b1911312be02\COMCTL32.dll
0x00007ffbb0660000 - 0x00007ffbb0996000 	C:\WINDOWS\System32\combase.dll
0x00007ffbae580000 - 0x00007ffbae600000 	C:\WINDOWS\System32\bcryptPrimitives.dll
0x00007ffbafbf0000 - 0x00007ffbafc1e000 	C:\WINDOWS\System32\IMM32.DLL
0x000000005a050000 - 0x000000005a122000 	C:\Program Files\Android\Android Studio\jre\jre\bin\msvcr100.dll
0x0000000059800000 - 0x000000005a046000 	C:\Program Files\Android\Android Studio\jre\jre\bin\server\jvm.dll
0x00007ffbaf2a0000 - 0x00007ffbaf2a8000 	C:\WINDOWS\System32\PSAPI.DLL
0x00007ffbab800000 - 0x00007ffbab824000 	C:\WINDOWS\SYSTEM32\WINMM.dll
0x00007ffbab7d0000 - 0x00007ffbab7fd000 	C:\WINDOWS\SYSTEM32\WINMMBASE.dll
0x00007ffbaea50000 - 0x00007ffbaea9a000 	C:\WINDOWS\System32\cfgmgr32.dll
0x00007ffba3ae0000 - 0x00007ffba3aea000 	C:\WINDOWS\SYSTEM32\VERSION.dll
0x00007ffba84a0000 - 0x00007ffba84a9000 	C:\WINDOWS\SYSTEM32\WSOCK32.dll
0x00007ffbaf230000 - 0x00007ffbaf29f000 	C:\WINDOWS\System32\WS2_32.dll
0x00007ffba8490000 - 0x00007ffba849f000 	C:\Program Files\Android\Android Studio\jre\jre\bin\verify.dll
0x00007ffba6f40000 - 0x00007ffba6f69000 	C:\Program Files\Android\Android Studio\jre\jre\bin\java.dll
0x00007ffba8470000 - 0x00007ffba8486000 	C:\Program Files\Android\Android Studio\jre\jre\bin\zip.dll
0x00007ffbaff70000 - 0x00007ffbb0655000 	C:\WINDOWS\System32\SHELL32.dll
0x00007ffbaf630000 - 0x00007ffbaf6d9000 	C:\WINDOWS\System32\shcore.dll
0x00007ffbadab0000 - 0x00007ffbae22f000 	C:\WINDOWS\System32\windows.storage.dll
0x00007ffbada70000 - 0x00007ffbada8f000 	C:\WINDOWS\System32\profapi.dll
0x00007ffbada20000 - 0x00007ffbada6a000 	C:\WINDOWS\System32\powrprof.dll
0x00007ffbad9d0000 - 0x00007ffbad9e0000 	C:\WINDOWS\System32\UMPDC.dll
0x00007ffbaed60000 - 0x00007ffbaedb2000 	C:\WINDOWS\System32\shlwapi.dll
0x00007ffbad9e0000 - 0x00007ffbad9f1000 	C:\WINDOWS\System32\kernel.appcore.dll
0x00007ffbada90000 - 0x00007ffbadaa7000 	C:\WINDOWS\System32\cryptsp.dll
0x00007ffba78c0000 - 0x00007ffba78da000 	C:\Program Files\Android\Android Studio\jre\jre\bin\net.dll
0x00007ffba3220000 - 0x00007ffba33f6000 	C:\WINDOWS\SYSTEM32\urlmon.dll
0x00007ffba17e0000 - 0x00007ffba1a86000 	C:\WINDOWS\SYSTEM32\iertutil.dll
0x00007ffbad3b0000 - 0x00007ffbad3bc000 	C:\WINDOWS\SYSTEM32\CRYPTBASE.DLL
0x00007ffbad1e0000 - 0x00007ffbad247000 	C:\WINDOWS\system32\mswsock.dll
0x00007ffba6f20000 - 0x00007ffba6f33000 	C:\Program Files\Android\Android Studio\jre\jre\bin\nio.dll
0x00007ffb8e310000 - 0x00007ffb8e336000 	C:\Users\ZAHID MEHMOOD\.gradle\native\30\windows-amd64\native-platform.dll
0x00007ffba6f10000 - 0x00007ffba6f1d000 	C:\Program Files\Android\Android Studio\jre\jre\bin\management.dll
0x00007ffbacd50000 - 0x00007ffbacd83000 	C:\WINDOWS\system32\rsaenh.dll
0x00007ffbae550000 - 0x00007ffbae576000 	C:\WINDOWS\System32\bcrypt.dll
0x00007ffbad8c0000 - 0x00007ffbad8e5000 	C:\WINDOWS\SYSTEM32\USERENV.dll
0x00007ffbacef0000 - 0x00007ffbacf2a000 	C:\WINDOWS\SYSTEM32\IPHLPAPI.DLL
0x00007ffbaf080000 - 0x00007ffbaf088000 	C:\WINDOWS\System32\NSI.dll
0x00007ffba7840000 - 0x00007ffba7856000 	C:\WINDOWS\SYSTEM32\dhcpcsvc6.DLL
0x00007ffba77b0000 - 0x00007ffba77cc000 	C:\WINDOWS\SYSTEM32\dhcpcsvc.DLL
0x00007ffbacf30000 - 0x00007ffbacffa000 	C:\WINDOWS\SYSTEM32\DNSAPI.dll

VM Arguments:
jvm_args: -Xmx1536m -Dfile.encoding=windows-1252 -Duser.country=US -Duser.language=en -Duser.variant 
java_command: org.gradle.launcher.daemon.bootstrap.GradleDaemon 5.6.4
java_class_path (initial): C:\Users\ZAHID MEHMOOD\.gradle\wrapper\dists\gradle-5.6.4-all\ankdp27end7byghfw1q2sw75f\gradle-5.6.4\lib\gradle-launcher-5.6.4.jar
Launcher Type: SUN_STANDARD

Environment Variables:
JAVA_HOME=C:\Program Files\Java\jdk1.8.0_171
PATH=C:\Program Files (x86)\Common Files\Oracle\Java\javapath;C:\WINDOWS\system32;C:\WINDOWS;C:\WINDOWS\System32\Wbem;C:\WINDOWS\System32\WindowsPowerShell\v1.0\;C:\WINDOWS\System32\OpenSSH\;C:\Program Files\Microsoft SQL Server\Client SDK\ODBC\130\Tools\Binn\;C:\Program Files (x86)\Microsoft SQL Server\140\Tools\Binn\;C:\Program Files\Microsoft SQL Server\140\Tools\Binn\;C:\Program Files\Microsoft SQL Server\140\DTS\Binn\;C:\Program Files (x86)\Microsoft SQL Server\Client SDK\ODBC\130\Tools\Binn\;C:\Program Files (x86)\Microsoft SQL Server\140\DTS\Binn\;C:\Program Files (x86)\Microsoft SQL Server\140\Tools\Binn\ManagementStudio\;E:\Anaconda;C:\Program Files\Git\cmd;C:\Program Files\nodejs\;C:\Users\ZAHID MEHMOOD\Anaconda3;C:\Users\ZAHID MEHMOOD\Anaconda3\Library\mingw-w64\bin;C:\Users\ZAHID MEHMOOD\Anaconda3\Library\usr\bin;C:\Users\ZAHID MEHMOOD\Anaconda3\Library\bin;C:\Users\ZAHID MEHMOOD\Anaconda3\Scripts;E:\AnacondaPY;E:\AnacondaPY\Library\mingw-w64\bin;E:\AnacondaPY\Library\usr\bin;E:\AnacondaPY\Library\bin;E:\AnacondaPY\Scripts;C:\Users\ZAHID MEHMOOD\AppData\Local\Microsoft\WindowsApps;C:\Program Files (x86)\clisp-2.49;C:\Users\ZAHID MEHMOOD\AppData\Roaming\npm
USERNAME=ZAHID MEHMOOD
OS=Windows_NT
PROCESSOR_IDENTIFIER=Intel64 Family 6 Model 42 Stepping 7, GenuineIntel



---------------  S Y S T E M  ---------------

OS: Windows 10.0 , 64 bit Build 18362 (10.0.18362.329)

CPU:total 2 (initial active 2) (2 cores per cpu, 2 threads per core) family 6 model 42 stepping 7, cmov, cx8, fxsr, mmx, sse, sse2, sse3, ssse3, sse4.1, sse4.2, popcnt, avx, aes, clmul, ht, tsc, tscinvbit

Memory: 4k page, physical 4127080k(269516k free), swap 7199080k(2460k free)

vm_info: OpenJDK 64-Bit Server VM (25.212-b04) for windows-amd64 JRE (1.8.0_212-release-1586-b04), built by "builder" with MS VC++ 10.0 (VS2010)

time: Sat Apr 18 17:22:00 2020
timezone: Pakistan Standard Time
elapsed time: 109 seconds (0d 0h 1m 49s)

